2025-11-09 15:54:28,230 - utils.logger - INFO - Logging configured with level: INFO
2025-11-09 15:54:28,230 - utils.logger - INFO - Logging to file: logs/app.log
2025-11-09 15:54:28,240 - main - INFO - DPDC OpenSTEF application started successfully
2025-11-09 15:58:41,600 - services.model_service - INFO - Training data starting hour: DatetimeIndex(['2023-01-01 06:00:00+00:00'], dtype='datetime64[ns, UTC]', name='date_time', freq=None)
2025-11-09 15:58:41,600 - services.model_service - INFO - Training data ending hour: DatetimeIndex(['2025-06-15 23:00:00+00:00'], dtype='datetime64[ns, UTC]', name='date_time', freq=None)
2025-11-09 15:58:41,609 - services.model_service - INFO - Directory structure './trained_models/after_refact_01/' created successfully.
2025-11-09 15:59:09,424 - routes.train_model - INFO - Training initiated successfully for xgb model with name 'after_refact_01'
2025-11-09 16:20:03,492 - routes.forecast - INFO - Forecast request - Model: after_refact_01, Date: 2025-11-09, Hour: 3
2025-11-09 16:20:03,723 - services.model_service - INFO - Test data starting hour: DatetimeIndex(['2025-06-16 00:00:00+00:00'], dtype='datetime64[ns, UTC]', name='date_time', freq=None)
2025-11-09 16:20:03,724 - services.model_service - INFO - Test data ending hour: DatetimeIndex(['2025-06-16 23:00:00+00:00'], dtype='datetime64[ns, UTC]', name='date_time', freq=None)
2025-11-09 16:20:06,817 - services.model_service - INFO - Forecast results:
                              forecast   tAhead      stdev  quantile_P10  \
date_time                                                                  
2025-06-16 00:00:00+00:00  1438.170776 -3514.25  48.599542   1375.887957   
2025-06-16 01:00:00+00:00  1332.635132 -3513.25  43.672545   1276.666514   
2025-06-16 02:00:00+00:00  1302.587646 -3512.25  35.502773   1257.089012   
2025-06-16 03:00:00+00:00  1306.065430 -3511.25  38.168952   1257.149949   
2025-06-16 04:00:00+00:00  1327.954956 -3510.25  39.847830   1276.887908   
...                                ...      ...        ...           ...   
2025-09-29 19:00:00+00:00  1846.911377  -975.25  51.964431   1780.316279   
2025-09-29 20:00:00+00:00  1809.678589  -974.25  48.758637   1747.191882   
2025-09-29 21:00:00+00:00  1793.781982  -973.25  53.467300   1725.260881   
2025-09-29 22:00:00+00:00  1782.980469  -972.25  47.645657   1721.920102   
2025-09-29 23:00:00+00:00  1768.987671  -971.25  42.940213   1713.957573   

                           quantile_P50  quantile_P90  pid   customer  \
date_time                                                               
2025-06-16 00:00:00+00:00   1438.170776   1500.453595  101  xgb_poc_1   
2025-06-16 01:00:00+00:00   1332.635132   1388.603750  101  xgb_poc_1   
2025-06-16 02:00:00+00:00   1302.587646   1348.086281  101  xgb_poc_1   
2025-06-16 03:00:00+00:00   1306.065430   1354.980910  101  xgb_poc_1   
2025-06-16 04:00:00+00:00   1327.954956   1379.022005  101  xgb_poc_1   
...                                 ...           ...  ...        ...   
2025-09-29 19:00:00+00:00   1846.911377   1913.506475  101  xgb_poc_1   
2025-09-29 20:00:00+00:00   1809.678589   1872.165296  101  xgb_poc_1   
2025-09-29 21:00:00+00:00   1793.781982   1862.303084  101  xgb_poc_1   
2025-09-29 22:00:00+00:00   1782.980469   1844.040835  101  xgb_poc_1   
2025-09-29 23:00:00+00:00   1768.987671   1824.017769  101  xgb_poc_1   

                          description    type  \
date_time                                       
2025-06-16 00:00:00+00:00        None  demand   
2025-06-16 01:00:00+00:00        None  demand   
2025-06-16 02:00:00+00:00        None  demand   
2025-06-16 03:00:00+00:00        None  demand   
2025-06-16 04:00:00+00:00        None  demand   
...                               ...     ...   
2025-09-29 19:00:00+00:00        None  demand   
2025-09-29 20:00:00+00:00        None  demand   
2025-09-29 21:00:00+00:00        None  demand   
2025-09-29 22:00:00+00:00        None  demand   
2025-09-29 23:00:00+00:00        None  demand   

                                                                     algtype  
date_time                                                                     
2025-06-16 00:00:00+00:00  /D:/cyrus/gigs/openstef/openstef-poc/dpdc_open...  
2025-06-16 01:00:00+00:00  /D:/cyrus/gigs/openstef/openstef-poc/dpdc_open...  
2025-06-16 02:00:00+00:00  /D:/cyrus/gigs/openstef/openstef-poc/dpdc_open...  
2025-06-16 03:00:00+00:00  /D:/cyrus/gigs/openstef/openstef-poc/dpdc_open...  
2025-06-16 04:00:00+00:00  /D:/cyrus/gigs/openstef/openstef-poc/dpdc_open...  
...                                                                      ...  
2025-09-29 19:00:00+00:00  /D:/cyrus/gigs/openstef/openstef-poc/dpdc_open...  
2025-09-29 20:00:00+00:00  /D:/cyrus/gigs/openstef/openstef-poc/dpdc_open...  
2025-09-29 21:00:00+00:00  /D:/cyrus/gigs/openstef/openstef-poc/dpdc_open...  
2025-09-29 22:00:00+00:00  /D:/cyrus/gigs/openstef/openstef-poc/dpdc_open...  
2025-09-29 23:00:00+00:00  /D:/cyrus/gigs/openstef/openstef-poc/dpdc_open...  

[2544 rows x 11 columns]
2025-11-09 16:20:06,821 - routes.forecast - INFO - Forecast completed successfully for model: after_refact_01
2025-11-10 09:46:45,282 - main - INFO - DPDC OpenSTEF application shutting down
2025-11-10 10:53:15,990 - utils.logger - INFO - Logging configured with level: INFO
2025-11-10 10:53:15,990 - utils.logger - INFO - Logging to file: logs/app.log
2025-11-10 10:53:16,002 - main - INFO - DPDC OpenSTEF application started successfully
2025-11-10 16:23:34,049 - main - INFO - DPDC OpenSTEF application shutting down
2025-11-10 16:23:54,019 - utils.logger - INFO - Logging configured with level: INFO
2025-11-10 16:23:54,019 - utils.logger - INFO - Logging to file: logs/app.log
2025-11-10 16:23:54,031 - main - INFO - DPDC OpenSTEF application started successfully
2025-11-10 16:24:25,638 - services.model_service - INFO - Training data starting hour: DatetimeIndex(['2023-01-01 06:00:00+00:00'], dtype='datetime64[ns, UTC]', name='date_time', freq=None)
2025-11-10 16:24:25,640 - services.model_service - INFO - Training data ending hour: DatetimeIndex(['2025-06-14 23:00:00+00:00'], dtype='datetime64[ns, UTC]', name='date_time', freq=None)
2025-11-10 16:24:25,640 - services.model_service - INFO - Training data filtered from 2023-01-01 to 2025-06-14
2025-11-10 16:24:25,646 - services.model_service - INFO - Directory structure './trained_models/xgb_tst_102/' created successfully.
2025-11-10 16:24:54,210 - routes.train_model - INFO - Training initiated successfully for xgb model with name 'xgb_tst_102' using data from 2023-01-01 to 2025-06-14
2025-11-10 16:33:30,190 - main - INFO - DPDC OpenSTEF application shutting down
2025-11-10 16:33:56,680 - utils.logger - INFO - Logging configured with level: INFO
2025-11-10 16:33:56,680 - utils.logger - INFO - Logging to file: logs/app.log
2025-11-10 16:34:22,576 - utils.logger - INFO - Logging configured with level: INFO
2025-11-10 16:34:22,576 - utils.logger - INFO - Logging to file: logs/app.log
2025-11-10 16:34:44,017 - utils.logger - INFO - Logging configured with level: INFO
2025-11-10 16:34:44,018 - utils.logger - INFO - Logging to file: logs/app.log
2025-11-10 16:35:21,654 - routes.forecast - INFO - Forecast request - Model: after_refact_01, Date: 2025-06-14, Hour: 5
2025-11-10 16:36:16,338 - utils.logger - INFO - Logging configured with level: INFO
2025-11-10 16:36:16,338 - utils.logger - INFO - Logging to file: logs/app.log
2025-11-10 16:36:18,666 - routes.forecast - INFO - Forecast request - Model: after_refact_01, Date: 2025-06-14, Hour: 5
2025-11-10 16:36:18,878 - services.model_service - INFO - Test data starting hour: DatetimeIndex(['2025-06-14 06:00:00+00:00'], dtype='datetime64[ns, UTC]', name='date_time', freq=None)
2025-11-10 16:36:18,883 - services.model_service - INFO - Test data ending hour: DatetimeIndex(['2025-06-15 05:00:00+00:00'], dtype='datetime64[ns, UTC]', name='date_time', freq=None)
2025-11-10 16:36:21,661 - services.model_service - INFO - Forecast results:
                              forecast  tAhead        stdev  ...  description    type                                            algtype
date_time                                                    ...                                                                        
2025-06-14 06:00:00+00:00  1291.956421 -3580.5    41.866606  ...         None  demand  /D:/cyrus/gigs/openstef/openstef-poc/dpdc_open...
2025-06-14 07:00:00+00:00  1136.096191 -3579.5    85.318634  ...         None  demand  /D:/cyrus/gigs/openstef/openstef-poc/dpdc_open...
2025-06-14 08:00:00+00:00  1091.801392 -3578.5    65.545463  ...         None  demand  /D:/cyrus/gigs/openstef/openstef-poc/dpdc_open...
2025-06-14 09:00:00+00:00  1037.760986 -3577.5  1149.674692  ...         None  demand  /D:/cyrus/gigs/openstef/openstef-poc/dpdc_open...
2025-06-14 10:00:00+00:00  1044.165283 -3576.5    50.185869  ...         None  demand  /D:/cyrus/gigs/openstef/openstef-poc/dpdc_open...
...                                ...     ...          ...  ...          ...     ...                                                ...
2025-09-29 19:00:00+00:00  1846.911377  -999.5    51.964431  ...         None  demand  /D:/cyrus/gigs/openstef/openstef-poc/dpdc_open...
2025-09-29 20:00:00+00:00  1809.678589  -998.5    48.758637  ...         None  demand  /D:/cyrus/gigs/openstef/openstef-poc/dpdc_open...
2025-09-29 21:00:00+00:00  1793.781982  -997.5    53.467300  ...         None  demand  /D:/cyrus/gigs/openstef/openstef-poc/dpdc_open...
2025-09-29 22:00:00+00:00  1782.980469  -996.5    47.645657  ...         None  demand  /D:/cyrus/gigs/openstef/openstef-poc/dpdc_open...
2025-09-29 23:00:00+00:00  1768.987671  -995.5    42.940213  ...         None  demand  /D:/cyrus/gigs/openstef/openstef-poc/dpdc_open...

[2586 rows x 11 columns]
2025-11-10 16:36:21,661 - routes.forecast - INFO - Forecast completed successfully for model: after_refact_01
2025-11-10 16:45:43,411 - utils.logger - INFO - Logging configured with level: INFO
2025-11-10 16:45:43,411 - utils.logger - INFO - Logging to file: logs/app.log
2025-11-10 16:46:18,862 - routes.forecast - INFO - Forecast request - Model: after_refact_01, Date: 2025-06-14, Hour: 5
2025-11-10 16:47:11,072 - utils.logger - INFO - Logging configured with level: INFO
2025-11-10 16:47:11,072 - utils.logger - INFO - Logging to file: logs/app.log
2025-11-10 16:47:14,395 - routes.forecast - INFO - Forecast request - Model: after_refact_01, Date: 2025-06-14, Hour: 5
2025-11-10 16:47:14,605 - services.model_service - INFO - Test data starting hour: DatetimeIndex(['2025-06-14 05:00:00+00:00'], dtype='datetime64[ns, UTC]', name='date_time', freq=None)
2025-11-10 16:47:14,605 - services.model_service - INFO - Test data ending hour: DatetimeIndex(['2025-06-15 04:00:00+00:00'], dtype='datetime64[ns, UTC]', name='date_time', freq=None)
2025-11-10 16:47:17,309 - services.model_service - INFO - Forecast results:
                              forecast   tAhead        stdev  ...  description    type                                            algtype
date_time                                                     ...                                                                        
2025-06-14 05:00:00+00:00  1284.150513 -3581.75    58.242375  ...         None  demand  /D:/cyrus/gigs/openstef/openstef-poc/dpdc_open...
2025-06-14 06:00:00+00:00  1219.758789 -3580.75    41.866606  ...         None  demand  /D:/cyrus/gigs/openstef/openstef-poc/dpdc_open...
2025-06-14 07:00:00+00:00  1136.096191 -3579.75    85.318634  ...         None  demand  /D:/cyrus/gigs/openstef/openstef-poc/dpdc_open...
2025-06-14 08:00:00+00:00  1091.801392 -3578.75    65.545463  ...         None  demand  /D:/cyrus/gigs/openstef/openstef-poc/dpdc_open...
2025-06-14 09:00:00+00:00  1047.736572 -3577.75  1149.674692  ...         None  demand  /D:/cyrus/gigs/openstef/openstef-poc/dpdc_open...
...                                ...      ...          ...  ...          ...     ...                                                ...
2025-09-29 19:00:00+00:00  1846.911377  -999.75    51.964431  ...         None  demand  /D:/cyrus/gigs/openstef/openstef-poc/dpdc_open...
2025-09-29 20:00:00+00:00  1809.678589  -998.75    48.758637  ...         None  demand  /D:/cyrus/gigs/openstef/openstef-poc/dpdc_open...
2025-09-29 21:00:00+00:00  1793.781982  -997.75    53.467300  ...         None  demand  /D:/cyrus/gigs/openstef/openstef-poc/dpdc_open...
2025-09-29 22:00:00+00:00  1782.980469  -996.75    47.645657  ...         None  demand  /D:/cyrus/gigs/openstef/openstef-poc/dpdc_open...
2025-09-29 23:00:00+00:00  1768.987671  -995.75    42.940213  ...         None  demand  /D:/cyrus/gigs/openstef/openstef-poc/dpdc_open...

[2587 rows x 11 columns]
2025-11-10 16:47:17,312 - routes.forecast - INFO - Forecast completed successfully for model: after_refact_01
2025-11-10 16:56:40,721 - utils.logger - INFO - Logging configured with level: INFO
2025-11-10 16:56:40,721 - utils.logger - INFO - Logging to file: logs/app.log
2025-11-10 16:56:49,061 - routes.forecast - INFO - Forecast request - Model: after_refact_01, Date: 2025-06-14, Hour: 5
2025-11-10 16:56:49,255 - services.model_service - INFO - Test data starting hour: DatetimeIndex(['2025-06-14 05:00:00+00:00'], dtype='datetime64[ns, UTC]', name='date_time', freq=None)
2025-11-10 16:56:49,255 - services.model_service - INFO - Test data ending hour: DatetimeIndex(['2025-06-15 04:00:00+00:00'], dtype='datetime64[ns, UTC]', name='date_time', freq=None)
2025-11-10 16:56:52,858 - services.model_service - INFO - Forecast results:
                              forecast  tAhead        stdev  ...  description    type                                            algtype
date_time                                                    ...                                                                        
2025-06-14 05:00:00+00:00  1284.150513 -3582.0    58.242375  ...         None  demand  /D:/cyrus/gigs/openstef/openstef-poc/dpdc_open...
2025-06-14 06:00:00+00:00  1219.758789 -3581.0    41.866606  ...         None  demand  /D:/cyrus/gigs/openstef/openstef-poc/dpdc_open...
2025-06-14 07:00:00+00:00  1136.096191 -3580.0    85.318634  ...         None  demand  /D:/cyrus/gigs/openstef/openstef-poc/dpdc_open...
2025-06-14 08:00:00+00:00  1091.801392 -3579.0    65.545463  ...         None  demand  /D:/cyrus/gigs/openstef/openstef-poc/dpdc_open...
2025-06-14 09:00:00+00:00  1047.736572 -3578.0  1149.674692  ...         None  demand  /D:/cyrus/gigs/openstef/openstef-poc/dpdc_open...
...                                ...     ...          ...  ...          ...     ...                                                ...
2025-09-29 19:00:00+00:00  1846.911377 -1000.0    51.964431  ...         None  demand  /D:/cyrus/gigs/openstef/openstef-poc/dpdc_open...
2025-09-29 20:00:00+00:00  1809.678589  -999.0    48.758637  ...         None  demand  /D:/cyrus/gigs/openstef/openstef-poc/dpdc_open...
2025-09-29 21:00:00+00:00  1793.781982  -998.0    53.467300  ...         None  demand  /D:/cyrus/gigs/openstef/openstef-poc/dpdc_open...
2025-09-29 22:00:00+00:00  1782.980469  -997.0    47.645657  ...         None  demand  /D:/cyrus/gigs/openstef/openstef-poc/dpdc_open...
2025-09-29 23:00:00+00:00  1768.987671  -996.0    42.940213  ...         None  demand  /D:/cyrus/gigs/openstef/openstef-poc/dpdc_open...

[2587 rows x 11 columns]
2025-11-10 16:58:20,516 - utils.logger - INFO - Logging configured with level: INFO
2025-11-10 16:58:20,516 - utils.logger - INFO - Logging to file: logs/app.log
2025-11-10 16:58:28,792 - routes.forecast - INFO - Forecast request - Model: after_refact_01, Date: 2025-06-14, Hour: 5
2025-11-10 16:58:29,079 - services.model_service - INFO - Test data starting hour: DatetimeIndex(['2025-06-14 05:00:00+00:00'], dtype='datetime64[ns, UTC]', name='date_time', freq=None)
2025-11-10 16:58:29,079 - services.model_service - INFO - Test data ending hour: DatetimeIndex(['2025-06-15 04:00:00+00:00'], dtype='datetime64[ns, UTC]', name='date_time', freq=None)
2025-11-10 16:58:32,029 - services.model_service - INFO - Forecast results:
                              forecast  tAhead        stdev  ...  description    type                                            algtype
date_time                                                    ...                                                                        
2025-06-14 05:00:00+00:00  1284.150513 -3582.0    58.242375  ...         None  demand  /D:/cyrus/gigs/openstef/openstef-poc/dpdc_open...
2025-06-14 06:00:00+00:00  1219.758789 -3581.0    41.866606  ...         None  demand  /D:/cyrus/gigs/openstef/openstef-poc/dpdc_open...
2025-06-14 07:00:00+00:00  1136.096191 -3580.0    85.318634  ...         None  demand  /D:/cyrus/gigs/openstef/openstef-poc/dpdc_open...
2025-06-14 08:00:00+00:00  1091.801392 -3579.0    65.545463  ...         None  demand  /D:/cyrus/gigs/openstef/openstef-poc/dpdc_open...
2025-06-14 09:00:00+00:00  1047.736572 -3578.0  1149.674692  ...         None  demand  /D:/cyrus/gigs/openstef/openstef-poc/dpdc_open...
...                                ...     ...          ...  ...          ...     ...                                                ...
2025-09-29 19:00:00+00:00  1846.911377 -1000.0    51.964431  ...         None  demand  /D:/cyrus/gigs/openstef/openstef-poc/dpdc_open...
2025-09-29 20:00:00+00:00  1809.678589  -999.0    48.758637  ...         None  demand  /D:/cyrus/gigs/openstef/openstef-poc/dpdc_open...
2025-09-29 21:00:00+00:00  1793.781982  -998.0    53.467300  ...         None  demand  /D:/cyrus/gigs/openstef/openstef-poc/dpdc_open...
2025-09-29 22:00:00+00:00  1782.980469  -997.0    47.645657  ...         None  demand  /D:/cyrus/gigs/openstef/openstef-poc/dpdc_open...
2025-09-29 23:00:00+00:00  1768.987671  -996.0    42.940213  ...         None  demand  /D:/cyrus/gigs/openstef/openstef-poc/dpdc_open...

[2587 rows x 11 columns]
2025-11-10 16:58:32,030 - services.model_service - INFO - Returning forecast result: {'timestamp': '2025-06-14T05:00:00+00:00', 'forecast': 1284.1505126953125, 'custom_name': 'after_refact_01'}
2025-11-10 16:58:32,030 - routes.forecast - INFO - Forecast completed successfully for model: after_refact_01
2025-11-10 16:58:48,617 - routes.forecast - INFO - Forecast request - Model: after_refact_01, Date: 2025-06-14, Hour: 5
2025-11-10 16:58:48,807 - services.model_service - INFO - Test data starting hour: DatetimeIndex(['2025-06-14 05:00:00+00:00'], dtype='datetime64[ns, UTC]', name='date_time', freq=None)
2025-11-10 16:58:48,809 - services.model_service - INFO - Test data ending hour: DatetimeIndex(['2025-06-15 04:00:00+00:00'], dtype='datetime64[ns, UTC]', name='date_time', freq=None)
2025-11-10 16:58:51,682 - services.model_service - INFO - Forecast results:
                              forecast  tAhead        stdev  ...  description    type                                            algtype
date_time                                                    ...                                                                        
2025-06-14 05:00:00+00:00  1284.150513 -3582.0    58.242375  ...         None  demand  /D:/cyrus/gigs/openstef/openstef-poc/dpdc_open...
2025-06-14 06:00:00+00:00  1219.758789 -3581.0    41.866606  ...         None  demand  /D:/cyrus/gigs/openstef/openstef-poc/dpdc_open...
2025-06-14 07:00:00+00:00  1136.096191 -3580.0    85.318634  ...         None  demand  /D:/cyrus/gigs/openstef/openstef-poc/dpdc_open...
2025-06-14 08:00:00+00:00  1091.801392 -3579.0    65.545463  ...         None  demand  /D:/cyrus/gigs/openstef/openstef-poc/dpdc_open...
2025-06-14 09:00:00+00:00  1047.736572 -3578.0  1149.674692  ...         None  demand  /D:/cyrus/gigs/openstef/openstef-poc/dpdc_open...
...                                ...     ...          ...  ...          ...     ...                                                ...
2025-09-29 19:00:00+00:00  1846.911377 -1000.0    51.964431  ...         None  demand  /D:/cyrus/gigs/openstef/openstef-poc/dpdc_open...
2025-09-29 20:00:00+00:00  1809.678589  -999.0    48.758637  ...         None  demand  /D:/cyrus/gigs/openstef/openstef-poc/dpdc_open...
2025-09-29 21:00:00+00:00  1793.781982  -998.0    53.467300  ...         None  demand  /D:/cyrus/gigs/openstef/openstef-poc/dpdc_open...
2025-09-29 22:00:00+00:00  1782.980469  -997.0    47.645657  ...         None  demand  /D:/cyrus/gigs/openstef/openstef-poc/dpdc_open...
2025-09-29 23:00:00+00:00  1768.987671  -996.0    42.940213  ...         None  demand  /D:/cyrus/gigs/openstef/openstef-poc/dpdc_open...

[2587 rows x 11 columns]
2025-11-10 16:58:51,684 - services.model_service - INFO - Returning forecast result: {'timestamp': '2025-06-14T05:00:00+00:00', 'forecast': 1284.1505126953125, 'custom_name': 'after_refact_01'}
2025-11-10 16:58:51,685 - routes.forecast - INFO - Forecast completed successfully for model: after_refact_01
2025-11-10 16:59:22,301 - routes.forecast - INFO - Forecast request - Model: after_refact_01, Date: 2025-06-14, Hour: 5
2025-11-10 16:59:22,475 - services.model_service - INFO - Test data starting hour: DatetimeIndex(['2025-06-14 05:00:00+00:00'], dtype='datetime64[ns, UTC]', name='date_time', freq=None)
2025-11-10 16:59:22,475 - services.model_service - INFO - Test data ending hour: DatetimeIndex(['2025-06-15 04:00:00+00:00'], dtype='datetime64[ns, UTC]', name='date_time', freq=None)
2025-11-10 16:59:25,989 - services.model_service - INFO - Forecast results:
                              forecast  tAhead        stdev  ...  description    type                                            algtype
date_time                                                    ...                                                                        
2025-06-14 05:00:00+00:00  1284.150513 -3582.0    58.242375  ...         None  demand  /D:/cyrus/gigs/openstef/openstef-poc/dpdc_open...
2025-06-14 06:00:00+00:00  1219.758789 -3581.0    41.866606  ...         None  demand  /D:/cyrus/gigs/openstef/openstef-poc/dpdc_open...
2025-06-14 07:00:00+00:00  1136.096191 -3580.0    85.318634  ...         None  demand  /D:/cyrus/gigs/openstef/openstef-poc/dpdc_open...
2025-06-14 08:00:00+00:00  1091.801392 -3579.0    65.545463  ...         None  demand  /D:/cyrus/gigs/openstef/openstef-poc/dpdc_open...
2025-06-14 09:00:00+00:00  1047.736572 -3578.0  1149.674692  ...         None  demand  /D:/cyrus/gigs/openstef/openstef-poc/dpdc_open...
...                                ...     ...          ...  ...          ...     ...                                                ...
2025-09-29 19:00:00+00:00  1846.911377 -1000.0    51.964431  ...         None  demand  /D:/cyrus/gigs/openstef/openstef-poc/dpdc_open...
2025-09-29 20:00:00+00:00  1809.678589  -999.0    48.758637  ...         None  demand  /D:/cyrus/gigs/openstef/openstef-poc/dpdc_open...
2025-09-29 21:00:00+00:00  1793.781982  -998.0    53.467300  ...         None  demand  /D:/cyrus/gigs/openstef/openstef-poc/dpdc_open...
2025-09-29 22:00:00+00:00  1782.980469  -997.0    47.645657  ...         None  demand  /D:/cyrus/gigs/openstef/openstef-poc/dpdc_open...
2025-09-29 23:00:00+00:00  1768.987671  -996.0    42.940213  ...         None  demand  /D:/cyrus/gigs/openstef/openstef-poc/dpdc_open...

[2587 rows x 11 columns]
2025-11-10 16:59:25,989 - services.model_service - INFO - Returning forecast result: {'timestamp': '2025-06-14T05:00:00+00:00', 'forecast': 1284.1505126953125, 'custom_name': 'after_refact_01'}
2025-11-10 16:59:25,991 - routes.forecast - INFO - Forecast completed successfully for model: after_refact_01
2025-11-10 16:59:33,069 - routes.forecast - INFO - Forecast request - Model: after_refact_01, Date: 2025-06-14, Hour: 5
2025-11-10 16:59:33,288 - services.model_service - INFO - Test data starting hour: DatetimeIndex(['2025-06-14 05:00:00+00:00'], dtype='datetime64[ns, UTC]', name='date_time', freq=None)
2025-11-10 16:59:33,288 - services.model_service - INFO - Test data ending hour: DatetimeIndex(['2025-06-15 04:00:00+00:00'], dtype='datetime64[ns, UTC]', name='date_time', freq=None)
2025-11-10 16:59:36,016 - services.model_service - INFO - Forecast results:
                              forecast  tAhead        stdev  ...  description    type                                            algtype
date_time                                                    ...                                                                        
2025-06-14 05:00:00+00:00  1284.150513 -3582.0    58.242375  ...         None  demand  /D:/cyrus/gigs/openstef/openstef-poc/dpdc_open...
2025-06-14 06:00:00+00:00  1219.758789 -3581.0    41.866606  ...         None  demand  /D:/cyrus/gigs/openstef/openstef-poc/dpdc_open...
2025-06-14 07:00:00+00:00  1136.096191 -3580.0    85.318634  ...         None  demand  /D:/cyrus/gigs/openstef/openstef-poc/dpdc_open...
2025-06-14 08:00:00+00:00  1091.801392 -3579.0    65.545463  ...         None  demand  /D:/cyrus/gigs/openstef/openstef-poc/dpdc_open...
2025-06-14 09:00:00+00:00  1047.736572 -3578.0  1149.674692  ...         None  demand  /D:/cyrus/gigs/openstef/openstef-poc/dpdc_open...
...                                ...     ...          ...  ...          ...     ...                                                ...
2025-09-29 19:00:00+00:00  1846.911377 -1000.0    51.964431  ...         None  demand  /D:/cyrus/gigs/openstef/openstef-poc/dpdc_open...
2025-09-29 20:00:00+00:00  1809.678589  -999.0    48.758637  ...         None  demand  /D:/cyrus/gigs/openstef/openstef-poc/dpdc_open...
2025-09-29 21:00:00+00:00  1793.781982  -998.0    53.467300  ...         None  demand  /D:/cyrus/gigs/openstef/openstef-poc/dpdc_open...
2025-09-29 22:00:00+00:00  1782.980469  -997.0    47.645657  ...         None  demand  /D:/cyrus/gigs/openstef/openstef-poc/dpdc_open...
2025-09-29 23:00:00+00:00  1768.987671  -996.0    42.940213  ...         None  demand  /D:/cyrus/gigs/openstef/openstef-poc/dpdc_open...

[2587 rows x 11 columns]
2025-11-10 16:59:36,017 - services.model_service - INFO - Returning forecast result: {'timestamp': '2025-06-14T05:00:00+00:00', 'forecast': 1284.1505126953125, 'custom_name': 'after_refact_01'}
2025-11-10 16:59:36,018 - routes.forecast - INFO - Forecast completed successfully for model: after_refact_01
2025-11-10 17:03:16,697 - utils.logger - INFO - Logging configured with level: INFO
2025-11-10 17:03:16,697 - utils.logger - INFO - Logging to file: logs/app.log
2025-11-10 17:03:26,340 - routes.forecast - INFO - Forecast request - Model: after_refact_01, Date: 2025-06-14, Hour: 5
2025-11-10 17:03:26,604 - services.model_service - INFO - Test data starting hour: DatetimeIndex(['2025-06-14 05:00:00+00:00'], dtype='datetime64[ns, UTC]', name='date_time', freq=None)
2025-11-10 17:03:26,604 - services.model_service - INFO - Test data ending hour: DatetimeIndex(['2025-06-15 04:00:00+00:00'], dtype='datetime64[ns, UTC]', name='date_time', freq=None)
2025-11-10 17:03:29,513 - services.model_service - INFO - Forecast results:
                              forecast  tAhead        stdev  ...  description    type                                            algtype
date_time                                                    ...                                                                        
2025-06-14 05:00:00+00:00  1284.150513 -3582.0    58.242375  ...         None  demand  /D:/cyrus/gigs/openstef/openstef-poc/dpdc_open...
2025-06-14 06:00:00+00:00  1219.758789 -3581.0    41.866606  ...         None  demand  /D:/cyrus/gigs/openstef/openstef-poc/dpdc_open...
2025-06-14 07:00:00+00:00  1136.096191 -3580.0    85.318634  ...         None  demand  /D:/cyrus/gigs/openstef/openstef-poc/dpdc_open...
2025-06-14 08:00:00+00:00  1091.801392 -3579.0    65.545463  ...         None  demand  /D:/cyrus/gigs/openstef/openstef-poc/dpdc_open...
2025-06-14 09:00:00+00:00  1047.736572 -3578.0  1149.674692  ...         None  demand  /D:/cyrus/gigs/openstef/openstef-poc/dpdc_open...
...                                ...     ...          ...  ...          ...     ...                                                ...
2025-09-29 19:00:00+00:00  1846.911377 -1000.0    51.964431  ...         None  demand  /D:/cyrus/gigs/openstef/openstef-poc/dpdc_open...
2025-09-29 20:00:00+00:00  1809.678589  -999.0    48.758637  ...         None  demand  /D:/cyrus/gigs/openstef/openstef-poc/dpdc_open...
2025-09-29 21:00:00+00:00  1793.781982  -998.0    53.467300  ...         None  demand  /D:/cyrus/gigs/openstef/openstef-poc/dpdc_open...
2025-09-29 22:00:00+00:00  1782.980469  -997.0    47.645657  ...         None  demand  /D:/cyrus/gigs/openstef/openstef-poc/dpdc_open...
2025-09-29 23:00:00+00:00  1768.987671  -996.0    42.940213  ...         None  demand  /D:/cyrus/gigs/openstef/openstef-poc/dpdc_open...

[2587 rows x 11 columns]
2025-11-10 17:03:29,513 - services.model_service - INFO - Returning forecast result: {'timestamp': '2025-06-14T05:00:00+00:00', 'forecast': 1284.1505126953125, 'custom_name': 'after_refact_01'}
2025-11-10 17:03:29,513 - routes.forecast - INFO - Forecast completed successfully for model: after_refact_01
2025-11-10 17:04:35,779 - utils.logger - INFO - Logging configured with level: INFO
2025-11-10 17:04:35,779 - utils.logger - INFO - Logging to file: logs/app.log
2025-11-10 17:04:51,356 - routes.forecast - INFO - Forecast request - Model: after_refact_01, Date: 2025-06-14, Hour: 5
2025-11-10 17:04:51,563 - services.model_service - INFO - Test data starting hour: DatetimeIndex(['2025-06-14 05:00:00+00:00'], dtype='datetime64[ns, UTC]', name='date_time', freq=None)
2025-11-10 17:04:51,563 - services.model_service - INFO - Test data ending hour: DatetimeIndex(['2025-06-15 04:00:00+00:00'], dtype='datetime64[ns, UTC]', name='date_time', freq=None)
2025-11-10 17:04:54,450 - services.model_service - INFO - Forecast results:
                              forecast  tAhead        stdev  ...  description    type                                            algtype
date_time                                                    ...                                                                        
2025-06-14 05:00:00+00:00  1284.150513 -3582.0    58.242375  ...         None  demand  /D:/cyrus/gigs/openstef/openstef-poc/dpdc_open...
2025-06-14 06:00:00+00:00  1219.758789 -3581.0    41.866606  ...         None  demand  /D:/cyrus/gigs/openstef/openstef-poc/dpdc_open...
2025-06-14 07:00:00+00:00  1136.096191 -3580.0    85.318634  ...         None  demand  /D:/cyrus/gigs/openstef/openstef-poc/dpdc_open...
2025-06-14 08:00:00+00:00  1091.801392 -3579.0    65.545463  ...         None  demand  /D:/cyrus/gigs/openstef/openstef-poc/dpdc_open...
2025-06-14 09:00:00+00:00  1047.736572 -3578.0  1149.674692  ...         None  demand  /D:/cyrus/gigs/openstef/openstef-poc/dpdc_open...
...                                ...     ...          ...  ...          ...     ...                                                ...
2025-09-29 19:00:00+00:00  1846.911377 -1000.0    51.964431  ...         None  demand  /D:/cyrus/gigs/openstef/openstef-poc/dpdc_open...
2025-09-29 20:00:00+00:00  1809.678589  -999.0    48.758637  ...         None  demand  /D:/cyrus/gigs/openstef/openstef-poc/dpdc_open...
2025-09-29 21:00:00+00:00  1793.781982  -998.0    53.467300  ...         None  demand  /D:/cyrus/gigs/openstef/openstef-poc/dpdc_open...
2025-09-29 22:00:00+00:00  1782.980469  -997.0    47.645657  ...         None  demand  /D:/cyrus/gigs/openstef/openstef-poc/dpdc_open...
2025-09-29 23:00:00+00:00  1768.987671  -996.0    42.940213  ...         None  demand  /D:/cyrus/gigs/openstef/openstef-poc/dpdc_open...

[2587 rows x 11 columns]
2025-11-10 17:04:54,452 - services.model_service - INFO - Returning forecast result: {'timestamp': '2025-06-14T05:00:00+00:00', 'forecast': 1284.1505126953125, 'custom_name': 'after_refact_01'}
2025-11-10 17:04:54,452 - routes.forecast - INFO - Forecast completed successfully for model: after_refact_01
2025-11-10 17:05:53,884 - routes.forecast - INFO - Forecast request - Model: after_refact_01, Date: 2025-06-14, Hour: 5
2025-11-10 17:05:54,114 - services.model_service - INFO - Test data starting hour: DatetimeIndex(['2025-06-14 05:00:00+00:00'], dtype='datetime64[ns, UTC]', name='date_time', freq=None)
2025-11-10 17:05:54,114 - services.model_service - INFO - Test data ending hour: DatetimeIndex(['2025-06-15 04:00:00+00:00'], dtype='datetime64[ns, UTC]', name='date_time', freq=None)
2025-11-10 17:05:57,248 - services.model_service - INFO - Forecast results:
                              forecast  ...                                            algtype
date_time                               ...                                                   
2025-06-14 05:00:00+00:00  1284.150513  ...  /D:/cyrus/gigs/openstef/openstef-poc/dpdc_open...
2025-06-14 06:00:00+00:00  1219.758789  ...  /D:/cyrus/gigs/openstef/openstef-poc/dpdc_open...
2025-06-14 07:00:00+00:00  1136.096191  ...  /D:/cyrus/gigs/openstef/openstef-poc/dpdc_open...
2025-06-14 08:00:00+00:00  1091.801392  ...  /D:/cyrus/gigs/openstef/openstef-poc/dpdc_open...
2025-06-14 09:00:00+00:00  1047.736572  ...  /D:/cyrus/gigs/openstef/openstef-poc/dpdc_open...
...                                ...  ...                                                ...
2025-09-29 19:00:00+00:00  1846.911377  ...  /D:/cyrus/gigs/openstef/openstef-poc/dpdc_open...
2025-09-29 20:00:00+00:00  1809.678589  ...  /D:/cyrus/gigs/openstef/openstef-poc/dpdc_open...
2025-09-29 21:00:00+00:00  1793.781982  ...  /D:/cyrus/gigs/openstef/openstef-poc/dpdc_open...
2025-09-29 22:00:00+00:00  1782.980469  ...  /D:/cyrus/gigs/openstef/openstef-poc/dpdc_open...
2025-09-29 23:00:00+00:00  1768.987671  ...  /D:/cyrus/gigs/openstef/openstef-poc/dpdc_open...

[2587 rows x 11 columns]
2025-11-10 17:05:57,248 - services.model_service - INFO - Returning forecast result: {'timestamp': '2025-06-14T05:00:00+00:00', 'forecast': 1284.1505126953125, 'custom_name': 'after_refact_01'}
2025-11-10 17:05:57,248 - routes.forecast - INFO - Forecast completed successfully for model: after_refact_01
2025-11-10 17:07:34,081 - routes.forecast - INFO - Forecast request - Model: after_refact_01, Date: 2025-06-14, Hour: 5
2025-11-10 17:07:34,256 - services.model_service - INFO - Test data starting hour: DatetimeIndex(['2025-06-14 05:00:00+00:00'], dtype='datetime64[ns, UTC]', name='date_time', freq=None)
2025-11-10 17:07:34,256 - services.model_service - INFO - Test data ending hour: DatetimeIndex(['2025-06-15 04:00:00+00:00'], dtype='datetime64[ns, UTC]', name='date_time', freq=None)
2025-11-10 17:07:37,168 - services.model_service - INFO - Forecast results:
                              forecast  ...                                            algtype
date_time                               ...                                                   
2025-06-14 05:00:00+00:00  1284.150513  ...  /D:/cyrus/gigs/openstef/openstef-poc/dpdc_open...
2025-06-14 06:00:00+00:00  1219.758789  ...  /D:/cyrus/gigs/openstef/openstef-poc/dpdc_open...
2025-06-14 07:00:00+00:00  1136.096191  ...  /D:/cyrus/gigs/openstef/openstef-poc/dpdc_open...
2025-06-14 08:00:00+00:00  1091.801392  ...  /D:/cyrus/gigs/openstef/openstef-poc/dpdc_open...
2025-06-14 09:00:00+00:00  1047.736572  ...  /D:/cyrus/gigs/openstef/openstef-poc/dpdc_open...
...                                ...  ...                                                ...
2025-09-29 19:00:00+00:00  1846.911377  ...  /D:/cyrus/gigs/openstef/openstef-poc/dpdc_open...
2025-09-29 20:00:00+00:00  1809.678589  ...  /D:/cyrus/gigs/openstef/openstef-poc/dpdc_open...
2025-09-29 21:00:00+00:00  1793.781982  ...  /D:/cyrus/gigs/openstef/openstef-poc/dpdc_open...
2025-09-29 22:00:00+00:00  1782.980469  ...  /D:/cyrus/gigs/openstef/openstef-poc/dpdc_open...
2025-09-29 23:00:00+00:00  1768.987671  ...  /D:/cyrus/gigs/openstef/openstef-poc/dpdc_open...

[2587 rows x 11 columns]
2025-11-10 17:07:37,168 - services.model_service - INFO - Returning forecast result: {'timestamp': '2025-06-14T05:00:00+00:00', 'forecast': 1284.1505126953125, 'custom_name': 'after_refact_01'}
2025-11-10 17:07:37,168 - routes.forecast - INFO - Forecast completed successfully for model: after_refact_01
2025-11-10 17:08:51,934 - routes.forecast - INFO - Forecast request - Model: after_refact_01, Date: 2025-06-15, Hour: 4
2025-11-10 17:08:52,154 - services.model_service - INFO - Test data starting hour: DatetimeIndex(['2025-06-15 04:00:00+00:00'], dtype='datetime64[ns, UTC]', name='date_time', freq=None)
2025-11-10 17:08:52,155 - services.model_service - INFO - Test data ending hour: DatetimeIndex(['2025-06-16 03:00:00+00:00'], dtype='datetime64[ns, UTC]', name='date_time', freq=None)
2025-11-10 17:08:54,962 - services.model_service - INFO - Forecast results:
                              forecast  ...                                            algtype
date_time                               ...                                                   
2025-06-15 04:00:00+00:00  1362.240234  ...  /D:/cyrus/gigs/openstef/openstef-poc/dpdc_open...
2025-06-15 05:00:00+00:00  1341.882812  ...  /D:/cyrus/gigs/openstef/openstef-poc/dpdc_open...
2025-06-15 06:00:00+00:00  1326.505127  ...  /D:/cyrus/gigs/openstef/openstef-poc/dpdc_open...
2025-06-15 07:00:00+00:00  1236.194336  ...  /D:/cyrus/gigs/openstef/openstef-poc/dpdc_open...
2025-06-15 08:00:00+00:00  1172.149048  ...  /D:/cyrus/gigs/openstef/openstef-poc/dpdc_open...
...                                ...  ...                                                ...
2025-09-29 19:00:00+00:00  1846.911377  ...  /D:/cyrus/gigs/openstef/openstef-poc/dpdc_open...
2025-09-29 20:00:00+00:00  1809.678589  ...  /D:/cyrus/gigs/openstef/openstef-poc/dpdc_open...
2025-09-29 21:00:00+00:00  1793.781982  ...  /D:/cyrus/gigs/openstef/openstef-poc/dpdc_open...
2025-09-29 22:00:00+00:00  1782.980469  ...  /D:/cyrus/gigs/openstef/openstef-poc/dpdc_open...
2025-09-29 23:00:00+00:00  1768.987671  ...  /D:/cyrus/gigs/openstef/openstef-poc/dpdc_open...

[2564 rows x 11 columns]
2025-11-10 17:08:54,963 - services.model_service - INFO - Returning forecast result: {'timestamp': '2025-06-15T04:00:00+00:00', 'forecast': 1362.240234375, 'custom_name': 'after_refact_01'}
2025-11-10 17:08:54,965 - routes.forecast - INFO - Forecast completed successfully for model: after_refact_01
2025-11-10 17:09:43,397 - routes.forecast - INFO - Forecast request - Model: after_refact_01, Date: 2025-06-19, Hour: 12
2025-11-10 17:09:43,579 - services.model_service - INFO - Test data starting hour: DatetimeIndex(['2025-06-19 12:00:00+00:00'], dtype='datetime64[ns, UTC]', name='date_time', freq=None)
2025-11-10 17:09:43,580 - services.model_service - INFO - Test data ending hour: DatetimeIndex(['2025-06-20 11:00:00+00:00'], dtype='datetime64[ns, UTC]', name='date_time', freq=None)
2025-11-10 17:09:46,367 - services.model_service - INFO - Forecast results:
                              forecast  ...                                            algtype
date_time                               ...                                                   
2025-06-19 12:00:00+00:00  1151.338867  ...  /D:/cyrus/gigs/openstef/openstef-poc/dpdc_open...
2025-06-19 13:00:00+00:00  1138.806396  ...  /D:/cyrus/gigs/openstef/openstef-poc/dpdc_open...
2025-06-19 14:00:00+00:00  1209.571411  ...  /D:/cyrus/gigs/openstef/openstef-poc/dpdc_open...
2025-06-19 15:00:00+00:00  1451.794800  ...  /D:/cyrus/gigs/openstef/openstef-poc/dpdc_open...
2025-06-19 16:00:00+00:00  1479.285522  ...  /D:/cyrus/gigs/openstef/openstef-poc/dpdc_open...
...                                ...  ...                                                ...
2025-09-29 19:00:00+00:00  1846.911377  ...  /D:/cyrus/gigs/openstef/openstef-poc/dpdc_open...
2025-09-29 20:00:00+00:00  1809.678589  ...  /D:/cyrus/gigs/openstef/openstef-poc/dpdc_open...
2025-09-29 21:00:00+00:00  1793.781982  ...  /D:/cyrus/gigs/openstef/openstef-poc/dpdc_open...
2025-09-29 22:00:00+00:00  1782.980469  ...  /D:/cyrus/gigs/openstef/openstef-poc/dpdc_open...
2025-09-29 23:00:00+00:00  1768.987671  ...  /D:/cyrus/gigs/openstef/openstef-poc/dpdc_open...

[2460 rows x 11 columns]
2025-11-10 17:09:46,368 - services.model_service - INFO - Returning forecast result: {'timestamp': '2025-06-19T12:00:00+00:00', 'forecast': 1151.3388671875, 'custom_name': 'after_refact_01'}
2025-11-10 17:09:46,369 - routes.forecast - INFO - Forecast completed successfully for model: after_refact_01
2025-11-12 21:49:08,133 - utils.logger - INFO - Logging configured with level: INFO
2025-11-12 21:49:08,133 - utils.logger - INFO - Logging to file: logs/app.log
2025-11-12 22:09:53,274 - services.model_service - INFO - Training data starting hour: DatetimeIndex(['2023-01-01 06:00:00+00:00'], dtype='datetime64[ns, UTC]', name='date_time', freq=None)
2025-11-12 22:09:53,274 - services.model_service - INFO - Training data ending hour: DatetimeIndex(['2023-12-01 23:00:00+00:00'], dtype='datetime64[ns, UTC]', name='date_time', freq=None)
2025-11-12 22:09:53,274 - services.model_service - INFO - Training data filtered from 2023-01-01 to 2023-12-01
2025-11-12 22:09:53,274 - services.model_service - INFO - Directory structure './trained_models/x1/' created successfully.
2025-11-12 22:10:28,486 - routes.train_model - INFO - Training initiated successfully for xgb model with name 'x1' using data from 2023-01-01 to 2023-12-01
2025-11-12 22:11:29,728 - services.model_service - INFO - Training data starting hour: DatetimeIndex(['2023-01-01 06:00:00+00:00'], dtype='datetime64[ns, UTC]', name='date_time', freq=None)
2025-11-12 22:11:29,728 - services.model_service - INFO - Training data ending hour: DatetimeIndex(['2023-12-31 23:00:00+00:00'], dtype='datetime64[ns, UTC]', name='date_time', freq=None)
2025-11-12 22:11:29,728 - services.model_service - INFO - Training data filtered from 2023-01-01 to 2023-12-31
2025-11-12 22:11:29,728 - services.model_service - INFO - Directory structure './trained_models/x2/' created successfully.
2025-11-12 22:11:44,642 - routes.train_model - INFO - Training initiated successfully for xgb model with name 'x2' using data from 2023-01-01 to 2023-12-31
2025-11-12 22:12:12,513 - routes.forecast_multiple - INFO - Forecast Multiple request - Models: ['x1', 'x2'], Date: 2024-11-11
2025-11-12 22:12:12,739 - services.model_service - INFO - Test data starting hour: DatetimeIndex(['2024-11-11 00:00:00+00:00'], dtype='datetime64[ns, UTC]', name='date_time', freq=None)
2025-11-12 22:12:12,739 - services.model_service - INFO - Test data ending hour: DatetimeIndex(['2024-11-11 23:00:00+00:00'], dtype='datetime64[ns, UTC]', name='date_time', freq=None)
2025-11-12 22:12:12,774 - services.model_service - INFO - Starting forecast for model: x1
2025-11-12 22:12:15,671 - services.model_service - INFO - Forecast results for x1:
                              forecast   tAhead       stdev  quantile_P10  \
date_time                                                                   
2024-11-11 00:00:00+00:00  1409.171387 -8800.25   81.938089   1304.163500   
2024-11-11 01:00:00+00:00  1342.110840 -8799.25  107.115532   1204.836762   
2024-11-11 02:00:00+00:00  1290.719604 -8798.25   79.625350   1188.675612   
2024-11-11 03:00:00+00:00  1276.095215 -8797.25   81.503898   1171.643767   
2024-11-11 04:00:00+00:00  1224.702271 -8796.25   78.952144   1123.521027   
...                                ...      ...         ...           ...   
2025-09-29 19:00:00+00:00  1549.192505 -1053.25   95.544508   1426.747291   
2025-09-29 20:00:00+00:00  1549.192505 -1052.25   95.252590   1427.121399   
2025-09-29 21:00:00+00:00  1565.874268 -1051.25  110.128264   1424.739218   
2025-09-29 22:00:00+00:00  1571.688354 -1050.25  110.027023   1430.683051   
2025-09-29 23:00:00+00:00  1565.503052 -1049.25  102.854888   1433.689209   

                           quantile_P50  quantile_P90  pid   customer  \
date_time                                                               
2024-11-11 00:00:00+00:00   1409.171387   1514.179273  101  xgb_poc_1   
2024-11-11 01:00:00+00:00   1342.110840   1479.384917  101  xgb_poc_1   
2024-11-11 02:00:00+00:00   1290.719604   1392.763597  101  xgb_poc_1   
2024-11-11 03:00:00+00:00   1276.095215   1380.546663  101  xgb_poc_1   
2024-11-11 04:00:00+00:00   1224.702271   1325.883514  101  xgb_poc_1   
...                                 ...           ...  ...        ...   
2025-09-29 19:00:00+00:00   1549.192505   1671.637719  101  xgb_poc_1   
2025-09-29 20:00:00+00:00   1549.192505   1671.263610  101  xgb_poc_1   
2025-09-29 21:00:00+00:00   1565.874268   1707.009317  101  xgb_poc_1   
2025-09-29 22:00:00+00:00   1571.688354   1712.693658  101  xgb_poc_1   
2025-09-29 23:00:00+00:00   1565.503052   1697.316895  101  xgb_poc_1   

                          description    type  \
date_time                                       
2024-11-11 00:00:00+00:00        None  demand   
2024-11-11 01:00:00+00:00        None  demand   
2024-11-11 02:00:00+00:00        None  demand   
2024-11-11 03:00:00+00:00        None  demand   
2024-11-11 04:00:00+00:00        None  demand   
...                               ...     ...   
2025-09-29 19:00:00+00:00        None  demand   
2025-09-29 20:00:00+00:00        None  demand   
2025-09-29 21:00:00+00:00        None  demand   
2025-09-29 22:00:00+00:00        None  demand   
2025-09-29 23:00:00+00:00        None  demand   

                                                                     algtype  
date_time                                                                     
2024-11-11 00:00:00+00:00  /C:/Users/ASUS/Downloads/v5/v5/dpdc_openstef/t...  
2024-11-11 01:00:00+00:00  /C:/Users/ASUS/Downloads/v5/v5/dpdc_openstef/t...  
2024-11-11 02:00:00+00:00  /C:/Users/ASUS/Downloads/v5/v5/dpdc_openstef/t...  
2024-11-11 03:00:00+00:00  /C:/Users/ASUS/Downloads/v5/v5/dpdc_openstef/t...  
2024-11-11 04:00:00+00:00  /C:/Users/ASUS/Downloads/v5/v5/dpdc_openstef/t...  
...                                                                      ...  
2025-09-29 19:00:00+00:00  /C:/Users/ASUS/Downloads/v5/v5/dpdc_openstef/t...  
2025-09-29 20:00:00+00:00  /C:/Users/ASUS/Downloads/v5/v5/dpdc_openstef/t...  
2025-09-29 21:00:00+00:00  /C:/Users/ASUS/Downloads/v5/v5/dpdc_openstef/t...  
2025-09-29 22:00:00+00:00  /C:/Users/ASUS/Downloads/v5/v5/dpdc_openstef/t...  
2025-09-29 23:00:00+00:00  /C:/Users/ASUS/Downloads/v5/v5/dpdc_openstef/t...  

[7728 rows x 11 columns]
2025-11-12 22:12:15,671 - services.model_service - INFO - Completed forecast for model: x1
2025-11-12 22:12:15,671 - services.model_service - INFO - Starting forecast for model: x2
2025-11-12 22:12:18,571 - services.model_service - INFO - Forecast results for x2:
                              forecast   tAhead      stdev  quantile_P10  \
date_time                                                                  
2024-11-11 00:00:00+00:00  1450.255737 -8800.25  60.102267   1373.231583   
2024-11-11 01:00:00+00:00  1335.726074 -8799.25  95.705713   1213.074268   
2024-11-11 02:00:00+00:00  1296.178711 -8798.25  78.289377   1195.846837   
2024-11-11 03:00:00+00:00  1258.460938 -8797.25  58.700819   1183.232811   
2024-11-11 04:00:00+00:00  1209.255615 -8796.25  55.041006   1138.717728   
...                                ...      ...        ...           ...   
2025-09-29 19:00:00+00:00  1694.968506 -1053.25  80.488287   1591.818615   
2025-09-29 20:00:00+00:00  1694.968506 -1052.25  70.214854   1604.984549   
2025-09-29 21:00:00+00:00  1667.668213 -1051.25  89.449922   1553.033525   
2025-09-29 22:00:00+00:00  1680.242310 -1050.25  84.498528   1571.953089   
2025-09-29 23:00:00+00:00  1689.169922 -1049.25  71.425109   1597.634961   

                           quantile_P50  quantile_P90  pid   customer  \
date_time                                                               
2024-11-11 00:00:00+00:00   1450.255737   1527.279892  101  xgb_poc_1   
2024-11-11 01:00:00+00:00   1335.726074   1458.377880  101  xgb_poc_1   
2024-11-11 02:00:00+00:00   1296.178711   1396.510585  101  xgb_poc_1   
2024-11-11 03:00:00+00:00   1258.460938   1333.689064  101  xgb_poc_1   
2024-11-11 04:00:00+00:00   1209.255615   1279.793503  101  xgb_poc_1   
...                                 ...           ...  ...        ...   
2025-09-29 19:00:00+00:00   1694.968506   1798.118397  101  xgb_poc_1   
2025-09-29 20:00:00+00:00   1694.968506   1784.952462  101  xgb_poc_1   
2025-09-29 21:00:00+00:00   1667.668213   1782.302901  101  xgb_poc_1   
2025-09-29 22:00:00+00:00   1680.242310   1788.531530  101  xgb_poc_1   
2025-09-29 23:00:00+00:00   1689.169922   1780.704883  101  xgb_poc_1   

                          description    type  \
date_time                                       
2024-11-11 00:00:00+00:00        None  demand   
2024-11-11 01:00:00+00:00        None  demand   
2024-11-11 02:00:00+00:00        None  demand   
2024-11-11 03:00:00+00:00        None  demand   
2024-11-11 04:00:00+00:00        None  demand   
...                               ...     ...   
2025-09-29 19:00:00+00:00        None  demand   
2025-09-29 20:00:00+00:00        None  demand   
2025-09-29 21:00:00+00:00        None  demand   
2025-09-29 22:00:00+00:00        None  demand   
2025-09-29 23:00:00+00:00        None  demand   

                                                                     algtype  
date_time                                                                     
2024-11-11 00:00:00+00:00  /C:/Users/ASUS/Downloads/v5/v5/dpdc_openstef/t...  
2024-11-11 01:00:00+00:00  /C:/Users/ASUS/Downloads/v5/v5/dpdc_openstef/t...  
2024-11-11 02:00:00+00:00  /C:/Users/ASUS/Downloads/v5/v5/dpdc_openstef/t...  
2024-11-11 03:00:00+00:00  /C:/Users/ASUS/Downloads/v5/v5/dpdc_openstef/t...  
2024-11-11 04:00:00+00:00  /C:/Users/ASUS/Downloads/v5/v5/dpdc_openstef/t...  
...                                                                      ...  
2025-09-29 19:00:00+00:00  /C:/Users/ASUS/Downloads/v5/v5/dpdc_openstef/t...  
2025-09-29 20:00:00+00:00  /C:/Users/ASUS/Downloads/v5/v5/dpdc_openstef/t...  
2025-09-29 21:00:00+00:00  /C:/Users/ASUS/Downloads/v5/v5/dpdc_openstef/t...  
2025-09-29 22:00:00+00:00  /C:/Users/ASUS/Downloads/v5/v5/dpdc_openstef/t...  
2025-09-29 23:00:00+00:00  /C:/Users/ASUS/Downloads/v5/v5/dpdc_openstef/t...  

[7728 rows x 11 columns]
2025-11-12 22:12:18,571 - services.model_service - INFO - Completed forecast for model: x2
2025-11-12 22:12:18,571 - services.model_service - INFO - Completed forecasts for all 2 models
2025-11-12 22:12:18,587 - routes.forecast_multiple - INFO - Forecast completed successfully for 2 models
2025-11-12 22:12:39,071 - routes.dashboard - INFO - Fetching dashboard data
